[15/Apr/2018 23:12:49] "GET /usuario/registroBasico HTTP/1.1" 200 2288
[15/Apr/2018 23:30:02] "GET / HTTP/1.1" 200 2231
[15/Apr/2018 23:33:03] "GET / HTTP/1.1" 200 2231
[15/Apr/2018 23:33:09] "GET / HTTP/1.1" 200 2231
[15/Apr/2018 23:33:33] "GET / HTTP/1.1" 200 2231
[15/Apr/2018 23:33:38] "GET / HTTP/1.1" 200 2231
Not Found: /favicon.ico
[15/Apr/2018 23:33:39] "GET /favicon.ico HTTP/1.1" 404 2355
Not Found: /favicon.ico
[15/Apr/2018 23:33:39] "GET /favicon.ico HTTP/1.1" 404 2355
[15/Apr/2018 23:33:54] "GET / HTTP/1.1" 200 2231
[15/Apr/2018 23:34:03] "GET / HTTP/1.1" 200 2231
[15/Apr/2018 23:34:33] "GET / HTTP/1.1" 200 2231
[15/Apr/2018 23:34:46] "GET / HTTP/1.1" 200 2231
[15/Apr/2018 23:35:03] "GET / HTTP/1.1" 200 2231
[15/Apr/2018 23:35:16] "GET / HTTP/1.1" 200 2231
[15/Apr/2018 23:35:33] "GET / HTTP/1.1" 200 2231
[15/Apr/2018 23:35:46] "GET / HTTP/1.1" 200 2231
[15/Apr/2018 23:36:03] "GET / HTTP/1.1" 200 2231
[15/Apr/2018 23:36:16] "GET / HTTP/1.1" 200 2231
[15/Apr/2018 23:36:33] "GET / HTTP/1.1" 200 2231
[15/Apr/2018 23:36:46] "GET / HTTP/1.1" 200 2231
[15/Apr/2018 23:37:03] "GET / HTTP/1.1" 200 2231
[15/Apr/2018 23:37:16] "GET / HTTP/1.1" 200 2231
[15/Apr/2018 23:37:33] "GET / HTTP/1.1" 200 2231
[15/Apr/2018 23:37:46] "GET / HTTP/1.1" 200 2231
[15/Apr/2018 23:38:03] "GET / HTTP/1.1" 200 2231
[15/Apr/2018 23:38:16] "GET / HTTP/1.1" 200 2231
[15/Apr/2018 23:38:33] "GET / HTTP/1.1" 200 2231
[15/Apr/2018 23:38:36] "GET / HTTP/1.1" 200 2231
[15/Apr/2018 23:38:46] "GET / HTTP/1.1" 200 2231
[15/Apr/2018 23:39:03] "GET / HTTP/1.1" 200 2231
[15/Apr/2018 23:39:16] "GET / HTTP/1.1" 200 2231
[15/Apr/2018 23:39:33] "GET / HTTP/1.1" 200 2231
[15/Apr/2018 23:39:46] "GET / HTTP/1.1" 200 2231
[15/Apr/2018 23:40:03] "GET / HTTP/1.1" 200 2231
[15/Apr/2018 23:40:16] "GET / HTTP/1.1" 200 2231
[15/Apr/2018 23:40:33] "GET / HTTP/1.1" 200 2231
[15/Apr/2018 23:40:46] "GET / HTTP/1.1" 200 2231
[15/Apr/2018 23:41:03] "GET / HTTP/1.1" 200 2231
[15/Apr/2018 23:41:16] "GET / HTTP/1.1" 200 2231
[15/Apr/2018 23:41:33] "GET / HTTP/1.1" 200 2231
[15/Apr/2018 23:41:46] "GET / HTTP/1.1" 200 2231
[15/Apr/2018 23:42:03] "GET / HTTP/1.1" 200 2231
[15/Apr/2018 23:42:16] "GET / HTTP/1.1" 200 2231
[15/Apr/2018 23:42:33] "GET / HTTP/1.1" 200 2231
[15/Apr/2018 23:42:46] "GET / HTTP/1.1" 200 2231
[15/Apr/2018 23:43:03] "GET / HTTP/1.1" 200 2231
[15/Apr/2018 23:43:16] "GET / HTTP/1.1" 200 2231
[15/Apr/2018 23:43:20] "GET / HTTP/1.1" 200 2231
Not Found: /favicon.ico
[15/Apr/2018 23:43:22] "GET /favicon.ico HTTP/1.1" 404 2355
[15/Apr/2018 23:43:33] "GET / HTTP/1.1" 200 2231
[15/Apr/2018 23:43:46] "GET / HTTP/1.1" 200 2231
[15/Apr/2018 23:44:03] "GET / HTTP/1.1" 200 2231
[15/Apr/2018 23:44:16] "GET / HTTP/1.1" 200 2231
[15/Apr/2018 23:44:34] "GET / HTTP/1.1" 200 2231
[15/Apr/2018 23:44:46] "GET / HTTP/1.1" 200 2231
[15/Apr/2018 23:45:04] "GET / HTTP/1.1" 200 2231
[15/Apr/2018 23:45:16] "GET / HTTP/1.1" 200 2231
[15/Apr/2018 23:45:16] "GET / HTTP/1.1" 200 2231
[15/Apr/2018 23:45:33] "GET / HTTP/1.1" 200 2231
Not Found: /favicon.ico
[15/Apr/2018 23:45:33] "GET /favicon.ico HTTP/1.1" 404 2401
[15/Apr/2018 23:45:34] "GET / HTTP/1.1" 200 2231
[15/Apr/2018 23:45:46] "GET / HTTP/1.1" 200 2231
[15/Apr/2018 23:46:04] "GET / HTTP/1.1" 200 2231
[15/Apr/2018 23:46:06] "GET / HTTP/1.1" 200 2231
Not Found: /favicon.ico
[15/Apr/2018 23:46:06] "GET /favicon.ico HTTP/1.1" 404 2401
Not Found: /favicon.ico
[15/Apr/2018 23:46:06] "GET /favicon.ico HTTP/1.1" 404 2401
[15/Apr/2018 23:46:16] "GET / HTTP/1.1" 200 2231
[15/Apr/2018 23:46:34] "GET / HTTP/1.1" 200 2231
[15/Apr/2018 23:46:46] "GET / HTTP/1.1" 200 2231
[15/Apr/2018 23:47:04] "GET / HTTP/1.1" 200 2231
[15/Apr/2018 23:47:16] "GET / HTTP/1.1" 200 2231
[15/Apr/2018 23:47:34] "GET / HTTP/1.1" 200 2231
[15/Apr/2018 23:47:46] "GET / HTTP/1.1" 200 2231
[15/Apr/2018 23:48:04] "GET / HTTP/1.1" 200 2231
[15/Apr/2018 23:48:16] "GET / HTTP/1.1" 200 2231
[15/Apr/2018 23:48:34] "GET / HTTP/1.1" 200 2231
[15/Apr/2018 23:48:46] "GET / HTTP/1.1" 200 2231
[15/Apr/2018 23:49:04] "GET / HTTP/1.1" 200 2231
[15/Apr/2018 23:49:07] "GET / HTTP/1.1" 200 2231
[15/Apr/2018 23:49:16] "GET / HTTP/1.1" 200 2231
[15/Apr/2018 23:49:17] "GET / HTTP/1.1" 200 2231
[15/Apr/2018 23:49:18] "GET / HTTP/1.1" 200 2231
[15/Apr/2018 23:49:22] "GET / HTTP/1.1" 200 2231
[15/Apr/2018 23:49:27] "GET / HTTP/1.1" 200 2231
[15/Apr/2018 23:49:34] "GET / HTTP/1.1" 200 2231
[15/Apr/2018 23:49:46] "GET / HTTP/1.1" 200 2231
[15/Apr/2018 23:50:04] "GET / HTTP/1.1" 200 2231
[15/Apr/2018 23:50:16] "GET / HTTP/1.1" 200 2231
[15/Apr/2018 23:50:34] "GET / HTTP/1.1" 200 2231
[15/Apr/2018 23:50:46] "GET / HTTP/1.1" 200 2231
[15/Apr/2018 23:51:04] "GET / HTTP/1.1" 200 2231
[15/Apr/2018 23:51:16] "GET / HTTP/1.1" 200 2231
[15/Apr/2018 23:51:34] "GET / HTTP/1.1" 200 2231
[15/Apr/2018 23:51:46] "GET / HTTP/1.1" 200 2236
[15/Apr/2018 23:52:04] "GET / HTTP/1.1" 200 2236
[15/Apr/2018 23:52:16] "GET / HTTP/1.1" 200 2236
[15/Apr/2018 23:52:34] "GET / HTTP/1.1" 200 2236
[15/Apr/2018 23:52:46] "GET / HTTP/1.1" 200 2236
[15/Apr/2018 23:53:04] "GET / HTTP/1.1" 200 2236
[15/Apr/2018 23:53:16] "GET / HTTP/1.1" 200 2236
[15/Apr/2018 23:53:34] "GET / HTTP/1.1" 200 2236
[15/Apr/2018 23:53:46] "GET / HTTP/1.1" 200 2236
[15/Apr/2018 23:54:04] "GET / HTTP/1.1" 200 2236
[15/Apr/2018 23:54:16] "GET / HTTP/1.1" 200 2236
[15/Apr/2018 23:54:34] "GET / HTTP/1.1" 200 2236
[15/Apr/2018 23:54:46] "GET / HTTP/1.1" 200 2236
[15/Apr/2018 23:55:04] "GET / HTTP/1.1" 200 2236
[15/Apr/2018 23:55:16] "GET / HTTP/1.1" 200 2236
[15/Apr/2018 23:55:34] "GET / HTTP/1.1" 200 2236
[15/Apr/2018 23:55:43] "GET / HTTP/1.1" 200 2236
[15/Apr/2018 23:55:45] "GET / HTTP/1.1" 200 2236
[15/Apr/2018 23:55:46] "GET / HTTP/1.1" 200 2236
[15/Apr/2018 23:55:46] "GET / HTTP/1.1" 200 2236
[15/Apr/2018 23:55:50] "GET / HTTP/1.1" 200 2236
[15/Apr/2018 23:55:51] "GET / HTTP/1.1" 200 2236
[15/Apr/2018 23:55:53] "GET / HTTP/1.1" 200 2236
[15/Apr/2018 23:55:53] "GET / HTTP/1.1" 200 2236
[15/Apr/2018 23:55:54] "GET / HTTP/1.1" 200 2236
[15/Apr/2018 23:55:55] "GET / HTTP/1.1" 200 2236
[15/Apr/2018 23:55:56] "GET / HTTP/1.1" 200 2236
[15/Apr/2018 23:55:57] "GET / HTTP/1.1" 200 2236
[15/Apr/2018 23:55:58] "GET / HTTP/1.1" 200 2236
[15/Apr/2018 23:55:59] "GET / HTTP/1.1" 200 2236
[15/Apr/2018 23:55:59] "GET / HTTP/1.1" 200 2236
[15/Apr/2018 23:56:02] "GET / HTTP/1.1" 200 2236
[15/Apr/2018 23:56:04] "GET / HTTP/1.1" 200 2236
[15/Apr/2018 23:56:08] "GET / HTTP/1.1" 200 2236
[15/Apr/2018 23:56:11] "GET / HTTP/1.1" 200 2236
[15/Apr/2018 23:56:13] "GET / HTTP/1.1" 200 2236
[15/Apr/2018 23:56:15] "GET /usuario/registroMasivo HTTP/1.1" 200 2291
[15/Apr/2018 23:56:16] "GET / HTTP/1.1" 200 2236
[15/Apr/2018 23:56:17] "GET /usuario/registroMasivo HTTP/1.1" 200 2291
[15/Apr/2018 23:56:23] "GET / HTTP/1.1" 200 2236
[15/Apr/2018 23:56:26] "GET / HTTP/1.1" 200 2236
[15/Apr/2018 23:56:34] "GET / HTTP/1.1" 200 2236
[15/Apr/2018 23:56:46] "GET / HTTP/1.1" 200 2236
[15/Apr/2018 23:57:04] "GET / HTTP/1.1" 200 2236
[15/Apr/2018 23:57:16] "GET / HTTP/1.1" 200 2236
[15/Apr/2018 23:57:34] "GET / HTTP/1.1" 200 2236
[15/Apr/2018 23:57:46] "GET / HTTP/1.1" 200 2236
[15/Apr/2018 23:58:04] "GET / HTTP/1.1" 200 2236
[15/Apr/2018 23:58:17] "GET / HTTP/1.1" 200 2236
[15/Apr/2018 23:58:34] "GET / HTTP/1.1" 200 2236
[15/Apr/2018 23:58:47] "GET / HTTP/1.1" 200 2236
[15/Apr/2018 23:59:01] "GET / HTTP/1.1" 200 2236
[15/Apr/2018 23:59:04] "GET / HTTP/1.1" 200 2236
[15/Apr/2018 23:59:17] "GET / HTTP/1.1" 200 2236
[15/Apr/2018 23:59:34] "GET / HTTP/1.1" 200 2236
[15/Apr/2018 23:59:42] "GET / HTTP/1.1" 200 2236
[15/Apr/2018 23:59:47] "GET / HTTP/1.1" 200 2236
[16/Apr/2018 00:00:04] "GET / HTTP/1.1" 200 2236
[16/Apr/2018 00:00:17] "GET / HTTP/1.1" 200 2236
[16/Apr/2018 00:00:34] "GET / HTTP/1.1" 200 2236
[16/Apr/2018 00:00:47] "GET / HTTP/1.1" 200 2236
[16/Apr/2018 00:01:04] "GET / HTTP/1.1" 200 2236
[16/Apr/2018 00:01:17] "GET / HTTP/1.1" 200 2236
[16/Apr/2018 00:01:34] "GET / HTTP/1.1" 200 2236
[16/Apr/2018 00:01:47] "GET / HTTP/1.1" 200 2236
[16/Apr/2018 00:02:04] "GET / HTTP/1.1" 200 2236
[16/Apr/2018 00:02:17] "GET / HTTP/1.1" 200 2236
[16/Apr/2018 00:02:34] "GET / HTTP/1.1" 200 2236
[16/Apr/2018 00:02:43] "GET / HTTP/1.1" 200 2236
[16/Apr/2018 00:02:43] "GET / HTTP/1.1" 200 2236
[16/Apr/2018 00:03:13] "GET / HTTP/1.1" 200 2236
[16/Apr/2018 00:03:13] "GET / HTTP/1.1" 200 2236
[16/Apr/2018 00:03:43] "GET / HTTP/1.1" 200 2236
[16/Apr/2018 00:03:43] "GET / HTTP/1.1" 200 2236
[16/Apr/2018 00:04:13] "GET / HTTP/1.1" 200 2236
[16/Apr/2018 00:04:13] "GET / HTTP/1.1" 200 2236
[16/Apr/2018 00:04:27] "GET / HTTP/1.1" 200 2236
[16/Apr/2018 00:04:27] "GET / HTTP/1.1" 200 2236
[16/Apr/2018 00:04:57] "GET / HTTP/1.1" 200 2236
[16/Apr/2018 00:04:57] "GET / HTTP/1.1" 200 2236
[16/Apr/2018 00:05:27] "GET / HTTP/1.1" 200 2236
[16/Apr/2018 00:05:27] "GET / HTTP/1.1" 200 2236
[16/Apr/2018 00:05:57] "GET / HTTP/1.1" 200 2236
[16/Apr/2018 00:05:57] "GET / HTTP/1.1" 200 2236
[16/Apr/2018 00:06:27] "GET / HTTP/1.1" 200 2236
[16/Apr/2018 00:06:27] "GET / HTTP/1.1" 200 2236
[16/Apr/2018 00:06:57] "GET / HTTP/1.1" 200 2236
[16/Apr/2018 00:06:57] "GET / HTTP/1.1" 200 2236
[16/Apr/2018 00:07:27] "GET / HTTP/1.1" 200 2236
[16/Apr/2018 00:07:27] "GET / HTTP/1.1" 200 2236
[16/Apr/2018 00:07:57] "GET / HTTP/1.1" 200 2236
[16/Apr/2018 00:07:57] "GET / HTTP/1.1" 200 2236
[16/Apr/2018 00:08:27] "GET / HTTP/1.1" 200 2236
[16/Apr/2018 00:08:27] "GET / HTTP/1.1" 200 2236
[16/Apr/2018 00:08:41] "GET / HTTP/1.1" 200 2236
[16/Apr/2018 00:08:45] "GET / HTTP/1.1" 200 2236
[16/Apr/2018 00:08:57] "GET / HTTP/1.1" 200 2236
[16/Apr/2018 00:08:57] "GET / HTTP/1.1" 200 2236
[16/Apr/2018 00:09:27] "GET / HTTP/1.1" 200 2236
[16/Apr/2018 00:09:27] "GET / HTTP/1.1" 200 2236
[16/Apr/2018 00:09:57] "GET / HTTP/1.1" 200 2236
[16/Apr/2018 00:09:57] "GET / HTTP/1.1" 200 2236
[16/Apr/2018 00:10:27] "GET / HTTP/1.1" 200 2236
[16/Apr/2018 00:10:27] "GET / HTTP/1.1" 200 2236
[16/Apr/2018 00:10:57] "GET / HTTP/1.1" 200 2236
[16/Apr/2018 00:10:57] "GET / HTTP/1.1" 200 2236
[16/Apr/2018 00:11:27] "GET / HTTP/1.1" 200 2236
[16/Apr/2018 00:11:27] "GET / HTTP/1.1" 200 2236
[16/Apr/2018 00:11:57] "GET / HTTP/1.1" 200 2236
[16/Apr/2018 00:11:57] "GET / HTTP/1.1" 200 2236
[16/Apr/2018 00:12:27] "GET / HTTP/1.1" 200 2236
[16/Apr/2018 00:12:27] "GET / HTTP/1.1" 200 2236
[16/Apr/2018 00:12:42] "GET / HTTP/1.1" 200 2236
[16/Apr/2018 00:12:57] "GET / HTTP/1.1" 200 2236
[16/Apr/2018 00:12:57] "GET / HTTP/1.1" 200 2236
[16/Apr/2018 00:13:27] "GET / HTTP/1.1" 200 2236
[16/Apr/2018 00:13:27] "GET / HTTP/1.1" 200 2236
[16/Apr/2018 00:13:57] "GET / HTTP/1.1" 200 2236
[16/Apr/2018 00:13:57] "GET / HTTP/1.1" 200 2236
[16/Apr/2018 00:14:27] "GET / HTTP/1.1" 200 2236
[16/Apr/2018 00:14:27] "GET / HTTP/1.1" 200 2236
[16/Apr/2018 00:14:57] "GET / HTTP/1.1" 200 2236
[16/Apr/2018 00:14:57] "GET / HTTP/1.1" 200 2236
[16/Apr/2018 00:15:27] "GET / HTTP/1.1" 200 2236
[16/Apr/2018 00:15:27] "GET / HTTP/1.1" 200 2236
[16/Apr/2018 00:15:57] "GET / HTTP/1.1" 200 2236
[16/Apr/2018 00:15:58] "GET / HTTP/1.1" 200 2236
[16/Apr/2018 00:16:28] "GET / HTTP/1.1" 200 2236
[16/Apr/2018 00:16:28] "GET / HTTP/1.1" 200 2236
[16/Apr/2018 00:16:58] "GET / HTTP/1.1" 200 2236
[16/Apr/2018 00:16:58] "GET / HTTP/1.1" 200 2236
[16/Apr/2018 00:17:28] "GET / HTTP/1.1" 200 2236
[16/Apr/2018 00:17:28] "GET / HTTP/1.1" 200 2236
[16/Apr/2018 00:17:58] "GET / HTTP/1.1" 200 2236
[16/Apr/2018 00:17:58] "GET / HTTP/1.1" 200 2236
[16/Apr/2018 00:18:28] "GET / HTTP/1.1" 200 2236
[16/Apr/2018 00:18:28] "GET / HTTP/1.1" 200 2236
[16/Apr/2018 00:18:58] "GET / HTTP/1.1" 200 2236
[16/Apr/2018 00:18:58] "GET / HTTP/1.1" 200 2236
[16/Apr/2018 00:19:28] "GET / HTTP/1.1" 200 2236
[16/Apr/2018 00:19:28] "GET / HTTP/1.1" 200 2236
[16/Apr/2018 00:19:58] "GET / HTTP/1.1" 200 2236
[16/Apr/2018 00:19:58] "GET / HTTP/1.1" 200 2236
[16/Apr/2018 00:20:28] "GET / HTTP/1.1" 200 2236
[16/Apr/2018 00:20:28] "GET / HTTP/1.1" 200 2236
[16/Apr/2018 00:20:58] "GET / HTTP/1.1" 200 2236
[16/Apr/2018 00:20:58] "GET / HTTP/1.1" 200 2236
[16/Apr/2018 00:21:28] "GET / HTTP/1.1" 200 2236
[16/Apr/2018 00:21:28] "GET / HTTP/1.1" 200 2236
[16/Apr/2018 00:21:58] "GET / HTTP/1.1" 200 2236
[16/Apr/2018 00:21:58] "GET / HTTP/1.1" 200 2236
[16/Apr/2018 00:22:28] "GET / HTTP/1.1" 200 2236
[16/Apr/2018 00:22:28] "GET / HTTP/1.1" 200 2236
[16/Apr/2018 00:22:58] "GET / HTTP/1.1" 200 2236
[16/Apr/2018 00:22:58] "GET / HTTP/1.1" 200 2236
[16/Apr/2018 00:23:28] "GET / HTTP/1.1" 200 2236
[16/Apr/2018 00:23:28] "GET / HTTP/1.1" 200 2236
[16/Apr/2018 00:23:58] "GET / HTTP/1.1" 200 2236
[16/Apr/2018 00:23:58] "GET / HTTP/1.1" 200 2236
[16/Apr/2018 00:24:09] "GET / HTTP/1.1" 200 2236
[16/Apr/2018 00:24:28] "GET / HTTP/1.1" 200 2236
[16/Apr/2018 00:24:28] "GET / HTTP/1.1" 200 2236
[16/Apr/2018 00:24:58] "GET / HTTP/1.1" 200 2236
[16/Apr/2018 00:24:58] "GET / HTTP/1.1" 200 2236
[16/Apr/2018 00:25:28] "GET / HTTP/1.1" 200 2236
[16/Apr/2018 00:25:28] "GET / HTTP/1.1" 200 2236
[16/Apr/2018 00:25:58] "GET / HTTP/1.1" 200 2236
[16/Apr/2018 00:25:58] "GET / HTTP/1.1" 200 2236
[16/Apr/2018 00:26:28] "GET / HTTP/1.1" 200 2236
[16/Apr/2018 00:26:28] "GET / HTTP/1.1" 200 2236
[16/Apr/2018 00:26:58] "GET / HTTP/1.1" 200 2236
[16/Apr/2018 00:26:58] "GET / HTTP/1.1" 200 2236
[16/Apr/2018 00:27:23] "GET / HTTP/1.1" 200 2236
[16/Apr/2018 00:27:26] "GET / HTTP/1.1" 200 2236
[16/Apr/2018 00:27:28] "GET / HTTP/1.1" 200 2236
[16/Apr/2018 00:27:28] "GET / HTTP/1.1" 200 2236
[16/Apr/2018 00:27:58] "GET / HTTP/1.1" 200 2236
[16/Apr/2018 00:27:58] "GET / HTTP/1.1" 200 2236
[16/Apr/2018 00:28:24] "GET / HTTP/1.1" 200 2236
[16/Apr/2018 00:28:26] "GET / HTTP/1.1" 200 2236
[16/Apr/2018 00:28:28] "GET / HTTP/1.1" 200 2236
[16/Apr/2018 00:28:28] "GET / HTTP/1.1" 200 2236
[16/Apr/2018 00:28:58] "GET / HTTP/1.1" 200 2236
[16/Apr/2018 00:28:58] "GET / HTTP/1.1" 200 2236
[16/Apr/2018 00:29:28] "GET / HTTP/1.1" 200 2236
[16/Apr/2018 00:29:28] "GET / HTTP/1.1" 200 2236
[16/Apr/2018 00:29:58] "GET / HTTP/1.1" 200 2236
[16/Apr/2018 00:29:58] "GET / HTTP/1.1" 200 2236
[16/Apr/2018 00:30:00] "GET /usuario/registroMasivo HTTP/1.1" 200 2291
[16/Apr/2018 00:30:28] "GET / HTTP/1.1" 200 2236
[16/Apr/2018 00:30:28] "GET / HTTP/1.1" 200 2236
[16/Apr/2018 00:30:58] "GET / HTTP/1.1" 200 2236
[16/Apr/2018 00:30:58] "GET / HTTP/1.1" 200 2236
[16/Apr/2018 00:31:28] "GET / HTTP/1.1" 200 2236
[16/Apr/2018 00:31:28] "GET / HTTP/1.1" 200 2236
[16/Apr/2018 00:31:58] "GET / HTTP/1.1" 200 2236
[16/Apr/2018 00:31:58] "GET / HTTP/1.1" 200 2236
[16/Apr/2018 00:32:28] "GET / HTTP/1.1" 200 2236
[16/Apr/2018 00:32:28] "GET / HTTP/1.1" 200 2236
[16/Apr/2018 00:32:58] "GET / HTTP/1.1" 200 2236
[16/Apr/2018 00:32:58] "GET / HTTP/1.1" 200 2236
[16/Apr/2018 00:33:28] "GET / HTTP/1.1" 200 2236
[16/Apr/2018 00:33:28] "GET / HTTP/1.1" 200 2236
[16/Apr/2018 00:33:58] "GET / HTTP/1.1" 200 2236
[16/Apr/2018 00:33:58] "GET / HTTP/1.1" 200 2236
[16/Apr/2018 00:34:28] "GET / HTTP/1.1" 200 2236
[16/Apr/2018 00:34:28] "GET / HTTP/1.1" 200 2236
[16/Apr/2018 00:34:58] "GET / HTTP/1.1" 200 2236
[16/Apr/2018 00:34:58] "GET / HTTP/1.1" 200 2236
[16/Apr/2018 00:35:28] "GET / HTTP/1.1" 200 2236
[16/Apr/2018 00:35:28] "GET / HTTP/1.1" 200 2236
[16/Apr/2018 00:35:58] "GET / HTTP/1.1" 200 2236
[16/Apr/2018 00:35:58] "GET / HTTP/1.1" 200 2236
[16/Apr/2018 00:36:27] "POST /usuario/registroBasico HTTP/1.1" 302 0
[16/Apr/2018 00:36:28] "GET / HTTP/1.1" 200 2236
[16/Apr/2018 00:36:28] "GET / HTTP/1.1" 200 2236
[16/Apr/2018 00:36:44] "GET /admin/ HTTP/1.1" 302 0
[16/Apr/2018 00:36:45] "GET /static/admin/css/fonts.css HTTP/1.1" 200 423
[16/Apr/2018 00:36:45] "GET /static/admin/fonts/Roboto-Light-webfont.woff HTTP/1.1" 200 81348
[16/Apr/2018 00:36:51] "GET /static/admin/img/icon-addlink.svg HTTP/1.1" 200 331
[16/Apr/2018 00:36:51] "GET /static/admin/img/icon-changelink.svg HTTP/1.1" 200 380
[16/Apr/2018 00:36:54] "GET /static/admin/css/changelists.css HTTP/1.1" 200 6170
[16/Apr/2018 00:36:54] "GET /static/admin/js/admin/RelatedObjectLookups.js HTTP/1.1" 200 6591
[16/Apr/2018 00:36:54] "GET /static/admin/js/actions.js HTTP/1.1" 200 6501
[16/Apr/2018 00:36:55] "GET /static/admin/img/search.svg HTTP/1.1" 200 458
[16/Apr/2018 00:36:55] "GET /static/admin/img/tooltag-add.svg HTTP/1.1" 200 331
[16/Apr/2018 00:36:58] "GET / HTTP/1.1" 200 2236
[16/Apr/2018 00:36:58] "GET / HTTP/1.1" 200 2236
[16/Apr/2018 00:37:06] "GET /admin/jsi18n/ HTTP/1.1" 200 3217
[16/Apr/2018 00:37:22] "GET /admin/auth/user/?q=acp HTTP/1.1" 200 7191
[16/Apr/2018 00:37:28] "GET / HTTP/1.1" 200 2236
[16/Apr/2018 00:37:29] "GET / HTTP/1.1" 200 2236
[16/Apr/2018 00:37:52] "GET /usuario/registroMasivo HTTP/1.1" 200 2291
[16/Apr/2018 00:37:59] "GET / HTTP/1.1" 200 2236
[16/Apr/2018 00:37:59] "GET / HTTP/1.1" 200 2236
[16/Apr/2018 00:38:29] "GET / HTTP/1.1" 200 2236
[16/Apr/2018 00:38:29] "GET / HTTP/1.1" 200 2236
[16/Apr/2018 00:38:48] "GET /admin/auth/user/?q= HTTP/1.1" 200 9417
[16/Apr/2018 00:38:57] "POST /usuario/registroMasivo HTTP/1.1" 302 0
[16/Apr/2018 00:38:59] "GET / HTTP/1.1" 200 2236
[16/Apr/2018 00:38:59] "GET / HTTP/1.1" 200 2236
[16/Apr/2018 00:39:02] "GET /static/admin/css/base.css HTTP/1.1" 304 0
[16/Apr/2018 00:39:02] "GET /static/admin/js/vendor/jquery/jquery.js HTTP/1.1" 304 0
[16/Apr/2018 00:39:02] "GET /static/admin/js/admin/RelatedObjectLookups.js HTTP/1.1" 304 0
[16/Apr/2018 00:39:02] "GET /static/admin/js/vendor/xregexp/xregexp.js HTTP/1.1" 304 0
[16/Apr/2018 00:39:02] "GET /static/admin/img/search.svg HTTP/1.1" 304 0
[16/Apr/2018 00:39:02] "GET /static/admin/img/sorting-icons.svg HTTP/1.1" 304 0
[16/Apr/2018 00:39:29] "GET / HTTP/1.1" 200 2236
[16/Apr/2018 00:39:29] "GET / HTTP/1.1" 200 2236
[16/Apr/2018 00:39:33] "GET /usuario/registroMasivo HTTP/1.1" 200 2437
[16/Apr/2018 00:39:37] "GET /static/admin/css/changelists.css HTTP/1.1" 304 0
[16/Apr/2018 00:39:37] "GET /static/admin/js/jquery.init.js HTTP/1.1" 304 0
[16/Apr/2018 00:39:37] "GET /static/admin/js/actions.js HTTP/1.1" 304 0
[16/Apr/2018 00:39:37] "GET /static/admin/js/vendor/xregexp/xregexp.js HTTP/1.1" 304 0
[16/Apr/2018 00:39:37] "GET /static/admin/img/tooltag-add.svg HTTP/1.1" 304 0
[16/Apr/2018 00:39:37] "GET /static/admin/img/sorting-icons.svg HTTP/1.1" 304 0
[16/Apr/2018 00:39:41] "GET /static/admin/css/base.css HTTP/1.1" 304 0
[16/Apr/2018 00:39:41] "GET /static/admin/js/core.js HTTP/1.1" 304 0
[16/Apr/2018 00:39:41] "GET /static/admin/js/admin/RelatedObjectLookups.js HTTP/1.1" 304 0
[16/Apr/2018 00:39:41] "GET /static/admin/js/urlify.js HTTP/1.1" 304 0
[16/Apr/2018 00:39:42] "GET /static/admin/img/icon-yes.svg HTTP/1.1" 304 0
[16/Apr/2018 00:39:42] "GET /static/admin/img/tooltag-add.svg HTTP/1.1" 304 0
[16/Apr/2018 00:39:59] "GET / HTTP/1.1" 200 2236
[16/Apr/2018 00:39:59] "GET / HTTP/1.1" 200 2236
Not Found: /favicon.ico
[16/Apr/2018 00:40:27] "GET /favicon.ico HTTP/1.1" 404 2401
[16/Apr/2018 00:40:29] "GET / HTTP/1.1" 200 2236
[16/Apr/2018 00:40:29] "GET / HTTP/1.1" 200 2236
[16/Apr/2018 00:40:59] "GET / HTTP/1.1" 200 2236
[16/Apr/2018 00:40:59] "GET / HTTP/1.1" 200 2236
[16/Apr/2018 00:41:29] "GET / HTTP/1.1" 200 2236
[16/Apr/2018 00:41:29] "GET / HTTP/1.1" 200 2236
[16/Apr/2018 00:41:59] "GET / HTTP/1.1" 200 2236
[16/Apr/2018 00:41:59] "GET / HTTP/1.1" 200 2236
[16/Apr/2018 00:42:17] "GET /admin HTTP/1.1" 301 0
[16/Apr/2018 00:42:29] "GET / HTTP/1.1" 200 2236
[16/Apr/2018 00:42:29] "GET / HTTP/1.1" 200 2236
[16/Apr/2018 00:42:59] "GET / HTTP/1.1" 200 2236
[16/Apr/2018 00:42:59] "GET / HTTP/1.1" 200 2236
[16/Apr/2018 00:43:12] "GET /admin HTTP/1.1" 301 0
[16/Apr/2018 00:43:29] "GET / HTTP/1.1" 200 2236
[16/Apr/2018 00:43:29] "GET / HTTP/1.1" 200 2236
[16/Apr/2018 00:43:59] "GET / HTTP/1.1" 200 2236
[16/Apr/2018 00:43:59] "GET / HTTP/1.1" 200 2236
[16/Apr/2018 00:44:00] "GET /usuario/registroMasivo HTTP/1.1" 200 2437
[16/Apr/2018 00:44:29] "GET / HTTP/1.1" 200 2236
[16/Apr/2018 00:44:29] "GET / HTTP/1.1" 200 2236
[16/Apr/2018 00:44:45] "GET /static/admin/css/fonts.css HTTP/1.1" 304 0
[16/Apr/2018 00:44:45] "GET /static/admin/css/changelists.css HTTP/1.1" 304 0
[16/Apr/2018 00:44:45] "GET /static/admin/js/jquery.init.js HTTP/1.1" 304 0
[16/Apr/2018 00:44:45] "GET /static/admin/js/prepopulate.js HTTP/1.1" 304 0
[16/Apr/2018 00:44:45] "GET /static/admin/js/vendor/xregexp/xregexp.js HTTP/1.1" 304 0
[16/Apr/2018 00:44:45] "GET /static/admin/img/tooltag-add.svg HTTP/1.1" 304 0
[16/Apr/2018 00:44:59] "GET / HTTP/1.1" 200 2236
[16/Apr/2018 00:44:59] "GET / HTTP/1.1" 200 2236
[16/Apr/2018 00:45:29] "GET / HTTP/1.1" 200 2236
[16/Apr/2018 00:45:29] "GET / HTTP/1.1" 200 2236
[16/Apr/2018 00:45:35] "GET /usuario/registroMasivo/ HTTP/1.1" 200 2291
[16/Apr/2018 00:45:35] "GET /usuario/registroMasivo/ HTTP/1.1" 200 2291
[16/Apr/2018 00:46:05] "GET /usuario/registroMasivo/ HTTP/1.1" 200 2291
[16/Apr/2018 00:46:05] "GET /usuario/registroMasivo/ HTTP/1.1" 200 2291
[16/Apr/2018 00:46:10] "GET / HTTP/1.1" 200 2236
[16/Apr/2018 00:46:35] "GET /usuario/registroMasivo/ HTTP/1.1" 200 2291
[16/Apr/2018 00:46:35] "GET /usuario/registroMasivo/ HTTP/1.1" 200 2291
[16/Apr/2018 00:46:57] "GET /usuario/registroMasivo HTTP/1.1" 200 2291
[16/Apr/2018 00:47:05] "GET /usuario/registroMasivo/ HTTP/1.1" 200 2291
[16/Apr/2018 00:47:05] "GET /usuario/registroMasivo/ HTTP/1.1" 200 2291
[16/Apr/2018 00:47:35] "GET /usuario/registroMasivo/ HTTP/1.1" 200 2291
[16/Apr/2018 00:47:35] "GET /usuario/registroMasivo/ HTTP/1.1" 200 2291
[16/Apr/2018 00:47:48] "GET /admin/auth/user/?q= HTTP/1.1" 200 9417
[16/Apr/2018 00:47:48] "GET /static/admin/css/fonts.css HTTP/1.1" 304 0
[16/Apr/2018 00:47:48] "GET /static/admin/js/jquery.init.js HTTP/1.1" 304 0
[16/Apr/2018 00:47:48] "GET /static/admin/js/prepopulate.js HTTP/1.1" 304 0
[16/Apr/2018 00:47:48] "GET /static/admin/js/urlify.js HTTP/1.1" 304 0
[16/Apr/2018 00:47:48] "GET /static/admin/img/icon-no.svg HTTP/1.1" 304 0
[16/Apr/2018 00:48:05] "GET /usuario/registroMasivo/ HTTP/1.1" 200 2291
[16/Apr/2018 00:48:06] "GET /usuario/registroMasivo/ HTTP/1.1" 200 2291
[16/Apr/2018 00:48:35] "GET /usuario/registroMasivo/ HTTP/1.1" 200 2291
[16/Apr/2018 00:48:36] "GET /usuario/registroMasivo/ HTTP/1.1" 200 2291
[16/Apr/2018 00:49:06] "GET /usuario/registroMasivo/ HTTP/1.1" 200 2291
[16/Apr/2018 00:49:06] "GET /usuario/registroMasivo/ HTTP/1.1" 200 2291
[16/Apr/2018 00:49:36] "GET /usuario/registroMasivo/ HTTP/1.1" 200 2291
[16/Apr/2018 00:49:36] "GET /usuario/registroMasivo/ HTTP/1.1" 200 2291
[16/Apr/2018 00:50:06] "GET /usuario/registroMasivo/ HTTP/1.1" 200 2291
[16/Apr/2018 00:50:06] "GET /usuario/registroMasivo/ HTTP/1.1" 200 2291
[16/Apr/2018 00:50:36] "GET /usuario/registroMasivo/ HTTP/1.1" 200 2291
[16/Apr/2018 00:50:36] "GET /usuario/registroMasivo/ HTTP/1.1" 200 2291
[16/Apr/2018 00:51:06] "GET /usuario/registroMasivo/ HTTP/1.1" 200 2291
[16/Apr/2018 00:51:06] "GET /usuario/registroMasivo/ HTTP/1.1" 200 2291
[16/Apr/2018 00:51:36] "GET /usuario/registroMasivo/ HTTP/1.1" 200 2291
[16/Apr/2018 00:51:36] "GET /usuario/registroMasivo/ HTTP/1.1" 200 2291
[16/Apr/2018 00:52:06] "GET /usuario/registroMasivo/ HTTP/1.1" 200 2291
[16/Apr/2018 00:52:06] "GET /usuario/registroMasivo/ HTTP/1.1" 200 2291
[16/Apr/2018 00:52:36] "GET /usuario/registroMasivo/ HTTP/1.1" 200 2291
[16/Apr/2018 00:52:36] "GET /usuario/registroMasivo/ HTTP/1.1" 200 2291
[16/Apr/2018 00:52:45] "GET /static/admin/css/base.css HTTP/1.1" 304 0
[16/Apr/2018 00:52:45] "GET /static/admin/css/changelists.css HTTP/1.1" 304 0
[16/Apr/2018 00:52:45] "GET /static/admin/js/jquery.init.js HTTP/1.1" 304 0
[16/Apr/2018 00:52:45] "GET /static/admin/js/urlify.js HTTP/1.1" 304 0
[16/Apr/2018 00:52:45] "GET /static/admin/js/vendor/xregexp/xregexp.js HTTP/1.1" 304 0
[16/Apr/2018 00:52:45] "GET /static/admin/img/icon-yes.svg HTTP/1.1" 304 0
[16/Apr/2018 00:52:48] "GET /static/admin/css/base.css HTTP/1.1" 304 0
[16/Apr/2018 00:52:48] "GET /static/admin/css/changelists.css HTTP/1.1" 304 0
[16/Apr/2018 00:52:48] "GET /static/admin/js/core.js HTTP/1.1" 304 0
[16/Apr/2018 00:52:48] "GET /static/admin/js/actions.js HTTP/1.1" 304 0
[16/Apr/2018 00:52:48] "GET /static/admin/js/vendor/xregexp/xregexp.js HTTP/1.1" 304 0
[16/Apr/2018 00:52:48] "GET /static/admin/img/tooltag-add.svg HTTP/1.1" 304 0
[16/Apr/2018 00:52:50] "GET /static/admin/css/base.css HTTP/1.1" 304 0
[16/Apr/2018 00:52:50] "GET /static/admin/css/changelists.css HTTP/1.1" 304 0
[16/Apr/2018 00:52:50] "GET /static/admin/js/vendor/jquery/jquery.js HTTP/1.1" 304 0
[16/Apr/2018 00:52:50] "GET /static/admin/js/prepopulate.js HTTP/1.1" 304 0
[16/Apr/2018 00:52:50] "GET /static/admin/js/vendor/xregexp/xregexp.js HTTP/1.1" 304 0
[16/Apr/2018 00:52:50] "GET /static/admin/img/icon-yes.svg HTTP/1.1" 304 0
[16/Apr/2018 00:53:06] "GET /usuario/registroMasivo/ HTTP/1.1" 200 2291
[16/Apr/2018 00:53:06] "GET /usuario/registroMasivo/ HTTP/1.1" 200 2291
[16/Apr/2018 00:53:36] "GET /usuario/registroMasivo/ HTTP/1.1" 200 2291
[16/Apr/2018 00:53:36] "GET /usuario/registroMasivo/ HTTP/1.1" 200 2291
[16/Apr/2018 00:54:06] "GET /usuario/registroMasivo/ HTTP/1.1" 200 2291
[16/Apr/2018 00:54:06] "GET /usuario/registroMasivo/ HTTP/1.1" 200 2291
[16/Apr/2018 00:54:36] "GET /usuario/registroMasivo/ HTTP/1.1" 200 2291
[16/Apr/2018 00:54:36] "GET /usuario/registroMasivo/ HTTP/1.1" 200 2291
[16/Apr/2018 00:55:06] "GET /usuario/registroMasivo/ HTTP/1.1" 200 2291
[16/Apr/2018 00:55:06] "GET /usuario/registroMasivo/ HTTP/1.1" 200 2291
[16/Apr/2018 00:55:36] "GET /usuario/registroMasivo/ HTTP/1.1" 200 2291
[16/Apr/2018 00:55:36] "GET /usuario/registroMasivo/ HTTP/1.1" 200 2291
[16/Apr/2018 00:56:06] "GET /usuario/registroMasivo/ HTTP/1.1" 200 2291
[16/Apr/2018 00:56:06] "GET /usuario/registroMasivo/ HTTP/1.1" 200 2291
[16/Apr/2018 00:56:36] "GET /usuario/registroMasivo/ HTTP/1.1" 200 2291
[16/Apr/2018 00:56:36] "GET /usuario/registroMasivo/ HTTP/1.1" 200 2291
[16/Apr/2018 00:57:06] "GET /usuario/registroMasivo/ HTTP/1.1" 200 2291
[16/Apr/2018 00:57:06] "GET /usuario/registroMasivo/ HTTP/1.1" 200 2291
[16/Apr/2018 00:57:36] "GET /usuario/registroMasivo/ HTTP/1.1" 200 2291
[16/Apr/2018 00:57:36] "GET /usuario/registroMasivo/ HTTP/1.1" 200 2291
[16/Apr/2018 00:58:06] "GET /usuario/registroMasivo/ HTTP/1.1" 200 2291
[16/Apr/2018 00:58:06] "GET /usuario/registroMasivo/ HTTP/1.1" 200 2291
[16/Apr/2018 00:58:36] "GET /usuario/registroMasivo/ HTTP/1.1" 200 2291
[16/Apr/2018 00:58:36] "GET /usuario/registroMasivo/ HTTP/1.1" 200 2291
[16/Apr/2018 00:59:06] "GET /usuario/registroMasivo/ HTTP/1.1" 200 2291
[16/Apr/2018 00:59:06] "GET /usuario/registroMasivo/ HTTP/1.1" 200 2291
[16/Apr/2018 00:59:36] "GET /usuario/registroMasivo/ HTTP/1.1" 200 2291
[16/Apr/2018 00:59:36] "GET /usuario/registroMasivo/ HTTP/1.1" 200 2291
[16/Apr/2018 01:00:06] "GET /usuario/registroMasivo/ HTTP/1.1" 200 2291
[16/Apr/2018 01:00:06] "GET /usuario/registroMasivo/ HTTP/1.1" 200 2291
[16/Apr/2018 01:00:36] "GET /usuario/registroMasivo/ HTTP/1.1" 200 2291
[16/Apr/2018 01:00:36] "GET /usuario/registroMasivo/ HTTP/1.1" 200 2291
[16/Apr/2018 01:01:06] "GET /usuario/registroMasivo/ HTTP/1.1" 200 2291
[16/Apr/2018 01:01:06] "GET /usuario/registroMasivo/ HTTP/1.1" 200 2291
[16/Apr/2018 01:01:36] "GET /usuario/registroMasivo/ HTTP/1.1" 200 2291
[16/Apr/2018 01:01:36] "GET /usuario/registroMasivo/ HTTP/1.1" 200 2291
[16/Apr/2018 01:02:06] "GET /usuario/registroMasivo/ HTTP/1.1" 200 2291
[16/Apr/2018 01:02:06] "GET /usuario/registroMasivo/ HTTP/1.1" 200 2291
